imc-ds2m-b/app/build/intermediates/manifest_merge_blame_file/debug/manifest-merger-blame-debug-report.txt
1<?xml version="1.0" encoding="utf-8"?>
2<manifest xmlns:android="http://schemas.android.com/apk/res/android"
3    package="br.senai.sp.jandira.imc_app_b"
4    android:versionCode="1"
5    android:versionName="1.0" >
6
7    <uses-sdk
8        android:minSdkVersion="27"
8-->src\main\AndroidManifest.xml
9        android:targetSdkVersion="30" />
9-->src\main\AndroidManifest.xml
10
11    <application
11-->src\main\AndroidManifest.xml:5:5-23:19
12        android:allowBackup="true"
12-->src\main\AndroidManifest.xml:6:9-35
13        android:appComponentFactory="androidx.core.app.CoreComponentFactory"
13-->[androidx.core:core:1.3.2] AndroidManifest.xml:24:18-86
14        android:debuggable="true"
15        android:extractNativeLibs="false"
16        android:icon="@drawable/peso"
16-->src\main\AndroidManifest.xml:7:9-38
17        android:label="@string/app_name"
17-->src\main\AndroidManifest.xml:8:9-41
18        android:roundIcon="@drawable/peso"
18-->src\main\AndroidManifest.xml:9:9-43
19        android:supportsRtl="true"
19-->src\main\AndroidManifest.xml:10:9-35
20        android:testOnly="true"
21        android:theme="@style/AppTheme" >
21-->src\main\AndroidManifest.xml:11:9-40
22        <activity android:name="br.senai.sp.jandira.imc_app_b.activity_resultado_ncd" />
22-->src\main\AndroidManifest.xml:12:9-69
22-->src\main\AndroidManifest.xml:12:19-57
23        <activity android:name="br.senai.sp.jandira.imc_app_b.NcdActivity" />
23-->src\main\AndroidManifest.xml:13:9-49
23-->src\main\AndroidManifest.xml:13:19-46
24        <activity android:name="br.senai.sp.jandira.imc_app_b.ResultadoImcActivity" />
24-->src\main\AndroidManifest.xml:14:9-58
24-->src\main\AndroidManifest.xml:14:19-55
25        <activity android:name="br.senai.sp.jandira.imc_app_b.ImcActivity" />
25-->src\main\AndroidManifest.xml:15:9-49
25-->src\main\AndroidManifest.xml:15:19-46
26        <activity android:name="br.senai.sp.jandira.imc_app_b.MainActivity" >
26-->src\main\AndroidManifest.xml:16:9-22:20
26-->src\main\AndroidManifest.xml:16:19-47
27            <intent-filter>
27-->src\main\AndroidManifest.xml:17:13-21:29
28                <action android:name="android.intent.action.MAIN" />
28-->src\main\AndroidManifest.xml:18:17-69
28-->src\main\AndroidManifest.xml:18:25-66
29
30                <category android:name="android.intent.category.LAUNCHER" />
30-->src\main\AndroidManifest.xml:20:17-77
30-->src\main\AndroidManifest.xml:20:27-74
31            </intent-filter>
32        </activity>
33    </application>
34
35</manifest>